{"C:\\Users\\rudyf\\OneDrive\\Desktop\\FirstAppPHP\\public\\assets\\js\\Scripts\\banner-open.js": {"path":"C:\\Users\\rudyf\\OneDrive\\Desktop\\FirstAppPHP\\public\\assets\\js\\Scripts\\banner-open.js","statementMap":{"0":{"start":{"line":2,"column":21},"end":{"line":2,"column":58}},"1":{"start":{"line":3,"column":18},"end":{"line":3,"column":59}},"2":{"start":{"line":5,"column":0},"end":{"line":13,"column":2}},"3":{"start":{"line":6,"column":4},"end":{"line":12,"column":5}},"4":{"start":{"line":7,"column":8},"end":{"line":7,"column":40}},"5":{"start":{"line":8,"column":8},"end":{"line":8,"column":64}},"6":{"start":{"line":10,"column":8},"end":{"line":10,"column":66}},"7":{"start":{"line":11,"column":8},"end":{"line":11,"column":40}},"8":{"start":{"line":16,"column":0},"end":{"line":16,"column":39}}},"fnMap":{"0":{"name":"setupButtonFilter","decl":{"start":{"line":1,"column":9},"end":{"line":1,"column":26}},"loc":{"start":{"line":1,"column":29},"end":{"line":14,"column":1}},"line":1},"1":{"name":"(anonymous_1)","decl":{"start":{"line":5,"column":39},"end":{"line":5,"column":40}},"loc":{"start":{"line":5,"column":45},"end":{"line":13,"column":1}},"line":5}},"branchMap":{"0":{"loc":{"start":{"line":6,"column":4},"end":{"line":12,"column":5}},"type":"if","locations":[{"start":{"line":6,"column":4},"end":{"line":12,"column":5}},{"start":{"line":9,"column":11},"end":{"line":12,"column":5}}],"line":6}},"s":{"0":0,"1":0,"2":0,"3":0,"4":0,"5":0,"6":0,"7":0,"8":0},"f":{"0":0,"1":0},"b":{"0":[0,0]}}
,"C:\\Users\\rudyf\\OneDrive\\Desktop\\FirstAppPHP\\public\\assets\\js\\Scripts\\banner-sorts--dash.js": {"path":"C:\\Users\\rudyf\\OneDrive\\Desktop\\FirstAppPHP\\public\\assets\\js\\Scripts\\banner-sorts--dash.js","statementMap":{"0":{"start":{"line":1,"column":0},"end":{"line":45,"column":2}},"1":{"start":{"line":2,"column":23},"end":{"line":2,"column":47}},"2":{"start":{"line":3,"column":20},"end":{"line":3,"column":58}},"3":{"start":{"line":4,"column":20},"end":{"line":4,"column":57}},"4":{"start":{"line":5,"column":19},"end":{"line":5,"column":76}},"5":{"start":{"line":6,"column":21},"end":{"line":6,"column":61}},"6":{"start":{"line":8,"column":4},"end":{"line":12,"column":5}},"7":{"start":{"line":9,"column":8},"end":{"line":9,"column":59}},"8":{"start":{"line":10,"column":8},"end":{"line":10,"column":56}},"9":{"start":{"line":11,"column":8},"end":{"line":11,"column":51}},"10":{"start":{"line":14,"column":31},"end":{"line":14,"column":84}},"11":{"start":{"line":15,"column":28},"end":{"line":15,"column":78}},"12":{"start":{"line":16,"column":25},"end":{"line":16,"column":70}},"13":{"start":{"line":18,"column":4},"end":{"line":18,"column":42}},"14":{"start":{"line":19,"column":4},"end":{"line":19,"column":39}},"15":{"start":{"line":20,"column":4},"end":{"line":20,"column":39}},"16":{"start":{"line":22,"column":4},"end":{"line":28,"column":6}},"17":{"start":{"line":23,"column":8},"end":{"line":27,"column":10}},"18":{"start":{"line":24,"column":12},"end":{"line":24,"column":60}},"19":{"start":{"line":25,"column":12},"end":{"line":25,"column":55}},"20":{"start":{"line":26,"column":12},"end":{"line":26,"column":38}},"21":{"start":{"line":31,"column":31},"end":{"line":31,"column":46}},"22":{"start":{"line":32,"column":28},"end":{"line":32,"column":43}},"23":{"start":{"line":33,"column":29},"end":{"line":33,"column":47}},"24":{"start":{"line":35,"column":8},"end":{"line":35,"column":66}},"25":{"start":{"line":36,"column":8},"end":{"line":36,"column":60}},"26":{"start":{"line":37,"column":8},"end":{"line":37,"column":58}},"27":{"start":{"line":39,"column":8},"end":{"line":39,"column":110}},"28":{"start":{"line":42,"column":4},"end":{"line":42,"column":54}},"29":{"start":{"line":43,"column":4},"end":{"line":43,"column":54}},"30":{"start":{"line":44,"column":4},"end":{"line":44,"column":54}}},"fnMap":{"0":{"name":"(anonymous_0)","decl":{"start":{"line":1,"column":46},"end":{"line":1,"column":47}},"loc":{"start":{"line":1,"column":58},"end":{"line":45,"column":1}},"line":1},"1":{"name":"(anonymous_1)","decl":{"start":{"line":22,"column":21},"end":{"line":22,"column":22}},"loc":{"start":{"line":22,"column":37},"end":{"line":28,"column":5}},"line":22},"2":{"name":"(anonymous_2)","decl":{"start":{"line":23,"column":39},"end":{"line":23,"column":40}},"loc":{"start":{"line":23,"column":51},"end":{"line":27,"column":9}},"line":23},"3":{"name":"updateFilter","decl":{"start":{"line":30,"column":13},"end":{"line":30,"column":25}},"loc":{"start":{"line":30,"column":28},"end":{"line":40,"column":5}},"line":30}},"branchMap":{"0":{"loc":{"start":{"line":8,"column":4},"end":{"line":12,"column":5}},"type":"if","locations":[{"start":{"line":8,"column":4},"end":{"line":12,"column":5}},{"start":{},"end":{}}],"line":8},"1":{"loc":{"start":{"line":14,"column":31},"end":{"line":14,"column":84}},"type":"binary-expr","locations":[{"start":{"line":14,"column":31},"end":{"line":14,"column":71}},{"start":{"line":14,"column":75},"end":{"line":14,"column":84}}],"line":14},"2":{"loc":{"start":{"line":15,"column":28},"end":{"line":15,"column":78}},"type":"binary-expr","locations":[{"start":{"line":15,"column":28},"end":{"line":15,"column":65}},{"start":{"line":15,"column":69},"end":{"line":15,"column":78}}],"line":15}},"s":{"0":0,"1":0,"2":0,"3":0,"4":0,"5":0,"6":0,"7":0,"8":0,"9":0,"10":0,"11":0,"12":0,"13":0,"14":0,"15":0,"16":0,"17":0,"18":0,"19":0,"20":0,"21":0,"22":0,"23":0,"24":0,"25":0,"26":0,"27":0,"28":0,"29":0,"30":0},"f":{"0":0,"1":0,"2":0,"3":0},"b":{"0":[0,0],"1":[0,0],"2":[0,0]}}
,"C:\\Users\\rudyf\\OneDrive\\Desktop\\FirstAppPHP\\public\\assets\\js\\Scripts\\banner-sorts.js": {"path":"C:\\Users\\rudyf\\OneDrive\\Desktop\\FirstAppPHP\\public\\assets\\js\\Scripts\\banner-sorts.js","statementMap":{"0":{"start":{"line":1,"column":0},"end":{"line":45,"column":2}},"1":{"start":{"line":2,"column":23},"end":{"line":2,"column":47}},"2":{"start":{"line":3,"column":20},"end":{"line":3,"column":58}},"3":{"start":{"line":4,"column":20},"end":{"line":4,"column":57}},"4":{"start":{"line":5,"column":19},"end":{"line":5,"column":76}},"5":{"start":{"line":6,"column":21},"end":{"line":6,"column":61}},"6":{"start":{"line":8,"column":4},"end":{"line":12,"column":5}},"7":{"start":{"line":9,"column":8},"end":{"line":9,"column":59}},"8":{"start":{"line":10,"column":8},"end":{"line":10,"column":56}},"9":{"start":{"line":11,"column":8},"end":{"line":11,"column":51}},"10":{"start":{"line":14,"column":31},"end":{"line":14,"column":84}},"11":{"start":{"line":15,"column":28},"end":{"line":15,"column":78}},"12":{"start":{"line":16,"column":25},"end":{"line":16,"column":70}},"13":{"start":{"line":18,"column":4},"end":{"line":18,"column":42}},"14":{"start":{"line":19,"column":4},"end":{"line":19,"column":39}},"15":{"start":{"line":20,"column":4},"end":{"line":20,"column":39}},"16":{"start":{"line":22,"column":4},"end":{"line":28,"column":6}},"17":{"start":{"line":23,"column":8},"end":{"line":27,"column":10}},"18":{"start":{"line":24,"column":12},"end":{"line":24,"column":60}},"19":{"start":{"line":25,"column":12},"end":{"line":25,"column":55}},"20":{"start":{"line":26,"column":12},"end":{"line":26,"column":38}},"21":{"start":{"line":31,"column":31},"end":{"line":31,"column":46}},"22":{"start":{"line":32,"column":28},"end":{"line":32,"column":43}},"23":{"start":{"line":33,"column":29},"end":{"line":33,"column":47}},"24":{"start":{"line":35,"column":8},"end":{"line":35,"column":66}},"25":{"start":{"line":36,"column":8},"end":{"line":36,"column":60}},"26":{"start":{"line":37,"column":8},"end":{"line":37,"column":58}},"27":{"start":{"line":39,"column":8},"end":{"line":39,"column":95}},"28":{"start":{"line":42,"column":4},"end":{"line":42,"column":54}},"29":{"start":{"line":43,"column":4},"end":{"line":43,"column":54}},"30":{"start":{"line":44,"column":4},"end":{"line":44,"column":54}}},"fnMap":{"0":{"name":"(anonymous_0)","decl":{"start":{"line":1,"column":46},"end":{"line":1,"column":47}},"loc":{"start":{"line":1,"column":58},"end":{"line":45,"column":1}},"line":1},"1":{"name":"(anonymous_1)","decl":{"start":{"line":22,"column":21},"end":{"line":22,"column":22}},"loc":{"start":{"line":22,"column":37},"end":{"line":28,"column":5}},"line":22},"2":{"name":"(anonymous_2)","decl":{"start":{"line":23,"column":39},"end":{"line":23,"column":40}},"loc":{"start":{"line":23,"column":51},"end":{"line":27,"column":9}},"line":23},"3":{"name":"updateFilter","decl":{"start":{"line":30,"column":13},"end":{"line":30,"column":25}},"loc":{"start":{"line":30,"column":28},"end":{"line":40,"column":5}},"line":30}},"branchMap":{"0":{"loc":{"start":{"line":8,"column":4},"end":{"line":12,"column":5}},"type":"if","locations":[{"start":{"line":8,"column":4},"end":{"line":12,"column":5}},{"start":{},"end":{}}],"line":8},"1":{"loc":{"start":{"line":14,"column":31},"end":{"line":14,"column":84}},"type":"binary-expr","locations":[{"start":{"line":14,"column":31},"end":{"line":14,"column":71}},{"start":{"line":14,"column":75},"end":{"line":14,"column":84}}],"line":14},"2":{"loc":{"start":{"line":15,"column":28},"end":{"line":15,"column":78}},"type":"binary-expr","locations":[{"start":{"line":15,"column":28},"end":{"line":15,"column":65}},{"start":{"line":15,"column":69},"end":{"line":15,"column":78}}],"line":15}},"s":{"0":0,"1":0,"2":0,"3":0,"4":0,"5":0,"6":0,"7":0,"8":0,"9":0,"10":0,"11":0,"12":0,"13":0,"14":0,"15":0,"16":0,"17":0,"18":0,"19":0,"20":0,"21":0,"22":0,"23":0,"24":0,"25":0,"26":0,"27":0,"28":0,"29":0,"30":0},"f":{"0":0,"1":0,"2":0,"3":0},"b":{"0":[0,0],"1":[0,0],"2":[0,0]}}
,"C:\\Users\\rudyf\\OneDrive\\Desktop\\FirstAppPHP\\public\\assets\\js\\Scripts\\form-product.js": {"path":"C:\\Users\\rudyf\\OneDrive\\Desktop\\FirstAppPHP\\public\\assets\\js\\Scripts\\form-product.js","statementMap":{"0":{"start":{"line":1,"column":18},"end":{"line":1,"column":67}},"1":{"start":{"line":2,"column":14},"end":{"line":2,"column":59}},"2":{"start":{"line":3,"column":19},"end":{"line":3,"column":69}},"3":{"start":{"line":4,"column":19},"end":{"line":4,"column":69}},"4":{"start":{"line":5,"column":26},"end":{"line":5,"column":84}},"5":{"start":{"line":6,"column":24},"end":{"line":6,"column":80}},"6":{"start":{"line":7,"column":25},"end":{"line":7,"column":82}},"7":{"start":{"line":8,"column":24},"end":{"line":8,"column":80}},"8":{"start":{"line":9,"column":22},"end":{"line":9,"column":76}},"9":{"start":{"line":10,"column":23},"end":{"line":10,"column":78}},"10":{"start":{"line":13,"column":23},"end":{"line":13,"column":51}},"11":{"start":{"line":15,"column":28},"end":{"line":15,"column":61}},"12":{"start":{"line":17,"column":28},"end":{"line":17,"column":70}},"13":{"start":{"line":19,"column":4},"end":{"line":23,"column":5}},"14":{"start":{"line":20,"column":8},"end":{"line":20,"column":78}},"15":{"start":{"line":22,"column":8},"end":{"line":22,"column":29}},"16":{"start":{"line":26,"column":0},"end":{"line":26,"column":49}},"17":{"start":{"line":27,"column":0},"end":{"line":27,"column":54}},"18":{"start":{"line":29,"column":0},"end":{"line":70,"column":2}},"19":{"start":{"line":32,"column":8},"end":{"line":62,"column":9}},"20":{"start":{"line":33,"column":12},"end":{"line":33,"column":38}},"21":{"start":{"line":34,"column":12},"end":{"line":34,"column":38}},"22":{"start":{"line":35,"column":12},"end":{"line":35,"column":53}},"23":{"start":{"line":36,"column":12},"end":{"line":36,"column":53}},"24":{"start":{"line":37,"column":12},"end":{"line":37,"column":33}},"25":{"start":{"line":38,"column":12},"end":{"line":38,"column":33}},"26":{"start":{"line":39,"column":12},"end":{"line":39,"column":45}},"27":{"start":{"line":40,"column":12},"end":{"line":40,"column":43}},"28":{"start":{"line":41,"column":12},"end":{"line":41,"column":44}},"29":{"start":{"line":42,"column":12},"end":{"line":42,"column":43}},"30":{"start":{"line":43,"column":12},"end":{"line":43,"column":41}},"31":{"start":{"line":44,"column":12},"end":{"line":44,"column":42}},"32":{"start":{"line":45,"column":12},"end":{"line":45,"column":47}},"33":{"start":{"line":46,"column":12},"end":{"line":46,"column":45}},"34":{"start":{"line":47,"column":12},"end":{"line":47,"column":46}},"35":{"start":{"line":48,"column":12},"end":{"line":48,"column":45}},"36":{"start":{"line":49,"column":12},"end":{"line":49,"column":43}},"37":{"start":{"line":50,"column":12},"end":{"line":50,"column":44}},"38":{"start":{"line":52,"column":12},"end":{"line":52,"column":39}},"39":{"start":{"line":53,"column":12},"end":{"line":53,"column":38}},"40":{"start":{"line":54,"column":12},"end":{"line":54,"column":49}},"41":{"start":{"line":55,"column":12},"end":{"line":55,"column":49}},"42":{"start":{"line":56,"column":12},"end":{"line":56,"column":43}},"43":{"start":{"line":57,"column":12},"end":{"line":57,"column":41}},"44":{"start":{"line":58,"column":12},"end":{"line":58,"column":42}},"45":{"start":{"line":59,"column":12},"end":{"line":59,"column":41}},"46":{"start":{"line":60,"column":12},"end":{"line":60,"column":39}},"47":{"start":{"line":61,"column":12},"end":{"line":61,"column":40}},"48":{"start":{"line":65,"column":4},"end":{"line":67,"column":6}},"49":{"start":{"line":66,"column":8},"end":{"line":66,"column":40}},"50":{"start":{"line":69,"column":4},"end":{"line":69,"column":36}},"51":{"start":{"line":72,"column":0},"end":{"line":121,"column":2}},"52":{"start":{"line":73,"column":17},"end":{"line":73,"column":47}},"53":{"start":{"line":75,"column":4},"end":{"line":120,"column":6}},"54":{"start":{"line":76,"column":29},"end":{"line":76,"column":113}},"55":{"start":{"line":77,"column":27},"end":{"line":77,"column":105}},"56":{"start":{"line":79,"column":8},"end":{"line":96,"column":9}},"57":{"start":{"line":80,"column":12},"end":{"line":80,"column":34}},"58":{"start":{"line":81,"column":12},"end":{"line":81,"column":66}},"59":{"start":{"line":82,"column":15},"end":{"line":96,"column":9}},"60":{"start":{"line":83,"column":12},"end":{"line":83,"column":34}},"61":{"start":{"line":84,"column":12},"end":{"line":84,"column":69}},"62":{"start":{"line":85,"column":15},"end":{"line":96,"column":9}},"63":{"start":{"line":86,"column":12},"end":{"line":86,"column":34}},"64":{"start":{"line":87,"column":12},"end":{"line":87,"column":76}},"65":{"start":{"line":88,"column":15},"end":{"line":96,"column":9}},"66":{"start":{"line":89,"column":12},"end":{"line":89,"column":34}},"67":{"start":{"line":90,"column":12},"end":{"line":90,"column":71}},"68":{"start":{"line":91,"column":15},"end":{"line":96,"column":9}},"69":{"start":{"line":92,"column":12},"end":{"line":92,"column":34}},"70":{"start":{"line":93,"column":12},"end":{"line":93,"column":80}},"71":{"start":{"line":95,"column":12},"end":{"line":95,"column":39}},"72":{"start":{"line":98,"column":8},"end":{"line":118,"column":9}},"73":{"start":{"line":99,"column":12},"end":{"line":99,"column":30}},"74":{"start":{"line":100,"column":12},"end":{"line":100,"column":46}},"75":{"start":{"line":101,"column":12},"end":{"line":101,"column":47}},"76":{"start":{"line":102,"column":12},"end":{"line":102,"column":45}},"77":{"start":{"line":103,"column":12},"end":{"line":103,"column":44}},"78":{"start":{"line":104,"column":12},"end":{"line":104,"column":45}},"79":{"start":{"line":105,"column":12},"end":{"line":105,"column":43}}},"fnMap":{"0":{"name":"updatePromoPrice","decl":{"start":{"line":12,"column":9},"end":{"line":12,"column":25}},"loc":{"start":{"line":12,"column":28},"end":{"line":24,"column":1}},"line":12},"1":{"name":"(anonymous_1)","decl":{"start":{"line":29,"column":46},"end":{"line":29,"column":47}},"loc":{"start":{"line":29,"column":58},"end":{"line":70,"column":1}},"line":29},"2":{"name":"toggleFields","decl":{"start":{"line":31,"column":13},"end":{"line":31,"column":25}},"loc":{"start":{"line":31,"column":37},"end":{"line":63,"column":5}},"line":31},"3":{"name":"(anonymous_3)","decl":{"start":{"line":65,"column":41},"end":{"line":65,"column":42}},"loc":{"start":{"line":65,"column":53},"end":{"line":67,"column":5}},"line":65},"4":{"name":"(anonymous_4)","decl":{"start":{"line":72,"column":46},"end":{"line":72,"column":47}},"loc":{"start":{"line":72,"column":58},"end":{"line":121,"column":1}},"line":72},"5":{"name":"(anonymous_5)","decl":{"start":{"line":75,"column":36},"end":{"line":75,"column":37}},"loc":{"start":{"line":75,"column":53},"end":{"line":120,"column":5}},"line":75}},"branchMap":{"0":{"loc":{"start":{"line":13,"column":23},"end":{"line":13,"column":51}},"type":"binary-expr","locations":[{"start":{"line":13,"column":23},"end":{"line":13,"column":46}},{"start":{"line":13,"column":50},"end":{"line":13,"column":51}}],"line":13},"1":{"loc":{"start":{"line":15,"column":28},"end":{"line":15,"column":61}},"type":"binary-expr","locations":[{"start":{"line":15,"column":28},"end":{"line":15,"column":56}},{"start":{"line":15,"column":60},"end":{"line":15,"column":61}}],"line":15},"2":{"loc":{"start":{"line":19,"column":4},"end":{"line":23,"column":5}},"type":"if","locations":[{"start":{"line":19,"column":4},"end":{"line":23,"column":5}},{"start":{"line":21,"column":11},"end":{"line":23,"column":5}}],"line":19},"3":{"loc":{"start":{"line":19,"column":8},"end":{"line":19,"column":86}},"type":"binary-expr","locations":[{"start":{"line":19,"column":8},"end":{"line":19,"column":25}},{"start":{"line":19,"column":29},"end":{"line":19,"column":53}},{"start":{"line":19,"column":57},"end":{"line":19,"column":86}}],"line":19},"4":{"loc":{"start":{"line":32,"column":8},"end":{"line":62,"column":9}},"type":"if","locations":[{"start":{"line":32,"column":8},"end":{"line":62,"column":9}},{"start":{"line":51,"column":15},"end":{"line":62,"column":9}}],"line":32},"5":{"loc":{"start":{"line":79,"column":8},"end":{"line":96,"column":9}},"type":"if","locations":[{"start":{"line":79,"column":8},"end":{"line":96,"column":9}},{"start":{"line":82,"column":15},"end":{"line":96,"column":9}}],"line":79},"6":{"loc":{"start":{"line":79,"column":12},"end":{"line":79,"column":62}},"type":"binary-expr","locations":[{"start":{"line":79,"column":12},"end":{"line":79,"column":29}},{"start":{"line":79,"column":33},"end":{"line":79,"column":62}}],"line":79},"7":{"loc":{"start":{"line":82,"column":15},"end":{"line":96,"column":9}},"type":"if","locations":[{"start":{"line":82,"column":15},"end":{"line":96,"column":9}},{"start":{"line":85,"column":15},"end":{"line":96,"column":9}}],"line":82},"8":{"loc":{"start":{"line":82,"column":19},"end":{"line":82,"column":88}},"type":"binary-expr","locations":[{"start":{"line":82,"column":19},"end":{"line":82,"column":36}},{"start":{"line":82,"column":41},"end":{"line":82,"column":61}},{"start":{"line":82,"column":65},"end":{"line":82,"column":87}}],"line":82},"9":{"loc":{"start":{"line":85,"column":15},"end":{"line":96,"column":9}},"type":"if","locations":[{"start":{"line":85,"column":15},"end":{"line":96,"column":9}},{"start":{"line":88,"column":15},"end":{"line":96,"column":9}}],"line":85},"10":{"loc":{"start":{"line":85,"column":19},"end":{"line":85,"column":155}},"type":"binary-expr","locations":[{"start":{"line":85,"column":19},"end":{"line":85,"column":36}},{"start":{"line":85,"column":41},"end":{"line":85,"column":76}},{"start":{"line":85,"column":80},"end":{"line":85,"column":116}},{"start":{"line":85,"column":120},"end":{"line":85,"column":154}}],"line":85},"11":{"loc":{"start":{"line":88,"column":15},"end":{"line":96,"column":9}},"type":"if","locations":[{"start":{"line":88,"column":15},"end":{"line":96,"column":9}},{"start":{"line":91,"column":15},"end":{"line":96,"column":9}}],"line":88},"12":{"loc":{"start":{"line":88,"column":19},"end":{"line":88,"column":149}},"type":"binary-expr","locations":[{"start":{"line":88,"column":19},"end":{"line":88,"column":36}},{"start":{"line":88,"column":41},"end":{"line":88,"column":74}},{"start":{"line":88,"column":78},"end":{"line":88,"column":112}},{"start":{"line":88,"column":116},"end":{"line":88,"column":148}}],"line":88},"13":{"loc":{"start":{"line":91,"column":15},"end":{"line":96,"column":9}},"type":"if","locations":[{"start":{"line":91,"column":15},"end":{"line":96,"column":9}},{"start":{"line":94,"column":15},"end":{"line":96,"column":9}}],"line":91},"14":{"loc":{"start":{"line":91,"column":19},"end":{"line":91,"column":65}},"type":"binary-expr","locations":[{"start":{"line":91,"column":19},"end":{"line":91,"column":36}},{"start":{"line":91,"column":40},"end":{"line":91,"column":65}}],"line":91},"15":{"loc":{"start":{"line":98,"column":8},"end":{"line":118,"column":9}},"type":"if","locations":[{"start":{"line":98,"column":8},"end":{"line":118,"column":9}},{"start":{},"end":{}}],"line":98}},"s":{"0":0,"1":0,"2":0,"3":0,"4":0,"5":0,"6":0,"7":0,"8":0,"9":0,"10":0,"11":0,"12":0,"13":0,"14":0,"15":0,"16":0,"17":0,"18":0,"19":0,"20":0,"21":0,"22":0,"23":0,"24":0,"25":0,"26":0,"27":0,"28":0,"29":0,"30":0,"31":0,"32":0,"33":0,"34":0,"35":0,"36":0,"37":0,"38":0,"39":0,"40":0,"41":0,"42":0,"43":0,"44":0,"45":0,"46":0,"47":0,"48":0,"49":0,"50":0,"51":0,"52":0,"53":0,"54":0,"55":0,"56":0,"57":0,"58":0,"59":0,"60":0,"61":0,"62":0,"63":0,"64":0,"65":0,"66":0,"67":0,"68":0,"69":0,"70":0,"71":0,"72":0,"73":0,"74":0,"75":0,"76":0,"77":0,"78":0,"79":0},"f":{"0":0,"1":0,"2":0,"3":0,"4":0,"5":0},"b":{"0":[0,0],"1":[0,0],"2":[0,0],"3":[0,0,0],"4":[0,0],"5":[0,0],"6":[0,0],"7":[0,0],"8":[0,0,0],"9":[0,0],"10":[0,0,0,0],"11":[0,0],"12":[0,0,0,0],"13":[0,0],"14":[0,0],"15":[0,0]}}
,"C:\\Users\\rudyf\\OneDrive\\Desktop\\FirstAppPHP\\public\\assets\\js\\Scripts\\nav-admin-background.js": {"path":"C:\\Users\\rudyf\\OneDrive\\Desktop\\FirstAppPHP\\public\\assets\\js\\Scripts\\nav-admin-background.js","statementMap":{"0":{"start":{"line":1,"column":31},"end":{"line":7,"column":1}},"1":{"start":{"line":2,"column":4},"end":{"line":6,"column":5}},"2":{"start":{"line":3,"column":8},"end":{"line":3,"column":49}},"3":{"start":{"line":4,"column":8},"end":{"line":4,"column":50}},"4":{"start":{"line":5,"column":8},"end":{"line":5,"column":57}},"5":{"start":{"line":9,"column":0},"end":{"line":9,"column":57}},"6":{"start":{"line":10,"column":0},"end":{"line":10,"column":24}}},"fnMap":{"0":{"name":"(anonymous_0)","decl":{"start":{"line":1,"column":31},"end":{"line":1,"column":32}},"loc":{"start":{"line":1,"column":37},"end":{"line":7,"column":1}},"line":1}},"branchMap":{"0":{"loc":{"start":{"line":2,"column":4},"end":{"line":6,"column":5}},"type":"if","locations":[{"start":{"line":2,"column":4},"end":{"line":6,"column":5}},{"start":{},"end":{}}],"line":2}},"s":{"0":0,"1":0,"2":0,"3":0,"4":0,"5":0,"6":0},"f":{"0":0},"b":{"0":[0,0]}}
,"C:\\Users\\rudyf\\OneDrive\\Desktop\\FirstAppPHP\\public\\assets\\js\\Scripts\\nav-background.js": {"path":"C:\\Users\\rudyf\\OneDrive\\Desktop\\FirstAppPHP\\public\\assets\\js\\Scripts\\nav-background.js","statementMap":{"0":{"start":{"line":1,"column":31},"end":{"line":12,"column":1}},"1":{"start":{"line":2,"column":4},"end":{"line":11,"column":5}},"2":{"start":{"line":3,"column":8},"end":{"line":3,"column":49}},"3":{"start":{"line":4,"column":8},"end":{"line":4,"column":50}},"4":{"start":{"line":5,"column":8},"end":{"line":5,"column":57}},"5":{"start":{"line":6,"column":8},"end":{"line":10,"column":10}},"6":{"start":{"line":7,"column":12},"end":{"line":7,"column":40}},"7":{"start":{"line":8,"column":12},"end":{"line":8,"column":55}},"8":{"start":{"line":9,"column":12},"end":{"line":9,"column":40}},"9":{"start":{"line":14,"column":0},"end":{"line":14,"column":57}},"10":{"start":{"line":15,"column":0},"end":{"line":15,"column":24}}},"fnMap":{"0":{"name":"(anonymous_0)","decl":{"start":{"line":1,"column":31},"end":{"line":1,"column":32}},"loc":{"start":{"line":1,"column":37},"end":{"line":12,"column":1}},"line":1},"1":{"name":"(anonymous_1)","decl":{"start":{"line":6,"column":36},"end":{"line":6,"column":37}},"loc":{"start":{"line":6,"column":44},"end":{"line":10,"column":9}},"line":6}},"branchMap":{"0":{"loc":{"start":{"line":2,"column":4},"end":{"line":11,"column":5}},"type":"if","locations":[{"start":{"line":2,"column":4},"end":{"line":11,"column":5}},{"start":{},"end":{}}],"line":2}},"s":{"0":0,"1":0,"2":0,"3":0,"4":0,"5":0,"6":0,"7":0,"8":0,"9":0,"10":0},"f":{"0":0,"1":0},"b":{"0":[0,0]}}
,"C:\\Users\\rudyf\\OneDrive\\Desktop\\FirstAppPHP\\public\\assets\\js\\Scripts\\nav-color.js": {"path":"C:\\Users\\rudyf\\OneDrive\\Desktop\\FirstAppPHP\\public\\assets\\js\\Scripts\\nav-color.js","statementMap":{"0":{"start":{"line":1,"column":22},"end":{"line":1,"column":51}},"1":{"start":{"line":2,"column":24},"end":{"line":2,"column":76}},"2":{"start":{"line":3,"column":28},"end":{"line":3,"column":85}},"3":{"start":{"line":4,"column":24},"end":{"line":4,"column":79}},"4":{"start":{"line":6,"column":0},"end":{"line":63,"column":2}},"5":{"start":{"line":7,"column":4},"end":{"line":62,"column":5}},"6":{"start":{"line":8,"column":8},"end":{"line":8,"column":47}},"7":{"start":{"line":9,"column":8},"end":{"line":9,"column":57}},"8":{"start":{"line":10,"column":8},"end":{"line":10,"column":62}},"9":{"start":{"line":11,"column":8},"end":{"line":14,"column":10}},"10":{"start":{"line":12,"column":12},"end":{"line":12,"column":40}},"11":{"start":{"line":13,"column":12},"end":{"line":13,"column":55}},"12":{"start":{"line":15,"column":8},"end":{"line":17,"column":10}},"13":{"start":{"line":16,"column":12},"end":{"line":16,"column":42}},"14":{"start":{"line":18,"column":11},"end":{"line":62,"column":5}},"15":{"start":{"line":19,"column":8},"end":{"line":19,"column":47}},"16":{"start":{"line":20,"column":8},"end":{"line":20,"column":57}},"17":{"start":{"line":21,"column":8},"end":{"line":21,"column":62}},"18":{"start":{"line":22,"column":8},"end":{"line":25,"column":10}},"19":{"start":{"line":23,"column":12},"end":{"line":23,"column":40}},"20":{"start":{"line":24,"column":12},"end":{"line":24,"column":55}},"21":{"start":{"line":26,"column":8},"end":{"line":28,"column":10}},"22":{"start":{"line":27,"column":12},"end":{"line":27,"column":42}},"23":{"start":{"line":29,"column":11},"end":{"line":62,"column":5}},"24":{"start":{"line":30,"column":8},"end":{"line":30,"column":47}},"25":{"start":{"line":31,"column":8},"end":{"line":31,"column":57}},"26":{"start":{"line":32,"column":8},"end":{"line":32,"column":62}},"27":{"start":{"line":33,"column":8},"end":{"line":36,"column":10}},"28":{"start":{"line":34,"column":12},"end":{"line":34,"column":40}},"29":{"start":{"line":35,"column":12},"end":{"line":35,"column":55}},"30":{"start":{"line":37,"column":8},"end":{"line":39,"column":10}},"31":{"start":{"line":38,"column":12},"end":{"line":38,"column":42}},"32":{"start":{"line":40,"column":11},"end":{"line":62,"column":5}},"33":{"start":{"line":41,"column":8},"end":{"line":41,"column":47}},"34":{"start":{"line":42,"column":8},"end":{"line":42,"column":50}},"35":{"start":{"line":43,"column":8},"end":{"line":43,"column":62}},"36":{"start":{"line":44,"column":8},"end":{"line":47,"column":10}},"37":{"start":{"line":45,"column":12},"end":{"line":45,"column":40}},"38":{"start":{"line":46,"column":12},"end":{"line":46,"column":55}},"39":{"start":{"line":48,"column":8},"end":{"line":50,"column":10}},"40":{"start":{"line":49,"column":12},"end":{"line":49,"column":42}},"41":{"start":{"line":52,"column":8},"end":{"line":52,"column":50}},"42":{"start":{"line":53,"column":8},"end":{"line":53,"column":50}},"43":{"start":{"line":54,"column":8},"end":{"line":54,"column":62}},"44":{"start":{"line":55,"column":8},"end":{"line":58,"column":10}},"45":{"start":{"line":56,"column":12},"end":{"line":56,"column":40}},"46":{"start":{"line":57,"column":12},"end":{"line":57,"column":55}},"47":{"start":{"line":59,"column":8},"end":{"line":61,"column":10}},"48":{"start":{"line":60,"column":12},"end":{"line":60,"column":45}}},"fnMap":{"0":{"name":"(anonymous_0)","decl":{"start":{"line":6,"column":34},"end":{"line":6,"column":35}},"loc":{"start":{"line":6,"column":40},"end":{"line":63,"column":1}},"line":6},"1":{"name":"(anonymous_1)","decl":{"start":{"line":11,"column":36},"end":{"line":11,"column":37}},"loc":{"start":{"line":11,"column":44},"end":{"line":14,"column":9}},"line":11},"2":{"name":"(anonymous_2)","decl":{"start":{"line":15,"column":32},"end":{"line":15,"column":33}},"loc":{"start":{"line":15,"column":40},"end":{"line":17,"column":9}},"line":15},"3":{"name":"(anonymous_3)","decl":{"start":{"line":22,"column":36},"end":{"line":22,"column":37}},"loc":{"start":{"line":22,"column":44},"end":{"line":25,"column":9}},"line":22},"4":{"name":"(anonymous_4)","decl":{"start":{"line":26,"column":32},"end":{"line":26,"column":33}},"loc":{"start":{"line":26,"column":40},"end":{"line":28,"column":9}},"line":26},"5":{"name":"(anonymous_5)","decl":{"start":{"line":33,"column":36},"end":{"line":33,"column":37}},"loc":{"start":{"line":33,"column":44},"end":{"line":36,"column":9}},"line":33},"6":{"name":"(anonymous_6)","decl":{"start":{"line":37,"column":32},"end":{"line":37,"column":33}},"loc":{"start":{"line":37,"column":40},"end":{"line":39,"column":9}},"line":37},"7":{"name":"(anonymous_7)","decl":{"start":{"line":44,"column":36},"end":{"line":44,"column":37}},"loc":{"start":{"line":44,"column":44},"end":{"line":47,"column":9}},"line":44},"8":{"name":"(anonymous_8)","decl":{"start":{"line":48,"column":32},"end":{"line":48,"column":33}},"loc":{"start":{"line":48,"column":40},"end":{"line":50,"column":9}},"line":48},"9":{"name":"(anonymous_9)","decl":{"start":{"line":55,"column":36},"end":{"line":55,"column":37}},"loc":{"start":{"line":55,"column":44},"end":{"line":58,"column":9}},"line":55},"10":{"name":"(anonymous_10)","decl":{"start":{"line":59,"column":32},"end":{"line":59,"column":33}},"loc":{"start":{"line":59,"column":40},"end":{"line":61,"column":9}},"line":59}},"branchMap":{"0":{"loc":{"start":{"line":7,"column":4},"end":{"line":62,"column":5}},"type":"if","locations":[{"start":{"line":7,"column":4},"end":{"line":62,"column":5}},{"start":{"line":18,"column":11},"end":{"line":62,"column":5}}],"line":7},"1":{"loc":{"start":{"line":7,"column":8},"end":{"line":7,"column":56}},"type":"binary-expr","locations":[{"start":{"line":7,"column":8},"end":{"line":7,"column":28}},{"start":{"line":7,"column":32},"end":{"line":7,"column":56}}],"line":7},"2":{"loc":{"start":{"line":18,"column":11},"end":{"line":62,"column":5}},"type":"if","locations":[{"start":{"line":18,"column":11},"end":{"line":62,"column":5}},{"start":{"line":29,"column":11},"end":{"line":62,"column":5}}],"line":18},"3":{"loc":{"start":{"line":18,"column":15},"end":{"line":18,"column":63}},"type":"binary-expr","locations":[{"start":{"line":18,"column":15},"end":{"line":18,"column":35}},{"start":{"line":18,"column":39},"end":{"line":18,"column":63}}],"line":18},"4":{"loc":{"start":{"line":29,"column":11},"end":{"line":62,"column":5}},"type":"if","locations":[{"start":{"line":29,"column":11},"end":{"line":62,"column":5}},{"start":{"line":40,"column":11},"end":{"line":62,"column":5}}],"line":29},"5":{"loc":{"start":{"line":29,"column":15},"end":{"line":29,"column":64}},"type":"binary-expr","locations":[{"start":{"line":29,"column":15},"end":{"line":29,"column":35}},{"start":{"line":29,"column":39},"end":{"line":29,"column":64}}],"line":29},"6":{"loc":{"start":{"line":40,"column":11},"end":{"line":62,"column":5}},"type":"if","locations":[{"start":{"line":40,"column":11},"end":{"line":62,"column":5}},{"start":{"line":51,"column":11},"end":{"line":62,"column":5}}],"line":40},"7":{"loc":{"start":{"line":40,"column":15},"end":{"line":40,"column":63}},"type":"binary-expr","locations":[{"start":{"line":40,"column":15},"end":{"line":40,"column":35}},{"start":{"line":40,"column":39},"end":{"line":40,"column":63}}],"line":40}},"s":{"0":0,"1":0,"2":0,"3":0,"4":0,"5":0,"6":0,"7":0,"8":0,"9":0,"10":0,"11":0,"12":0,"13":0,"14":0,"15":0,"16":0,"17":0,"18":0,"19":0,"20":0,"21":0,"22":0,"23":0,"24":0,"25":0,"26":0,"27":0,"28":0,"29":0,"30":0,"31":0,"32":0,"33":0,"34":0,"35":0,"36":0,"37":0,"38":0,"39":0,"40":0,"41":0,"42":0,"43":0,"44":0,"45":0,"46":0,"47":0,"48":0},"f":{"0":0,"1":0,"2":0,"3":0,"4":0,"5":0,"6":0,"7":0,"8":0,"9":0,"10":0},"b":{"0":[0,0],"1":[0,0],"2":[0,0],"3":[0,0],"4":[0,0],"5":[0,0],"6":[0,0],"7":[0,0]}}
,"C:\\Users\\rudyf\\OneDrive\\Desktop\\FirstAppPHP\\public\\assets\\js\\Scripts\\nav-hamburger.js": {"path":"C:\\Users\\rudyf\\OneDrive\\Desktop\\FirstAppPHP\\public\\assets\\js\\Scripts\\nav-hamburger.js","statementMap":{"0":{"start":{"line":1,"column":25},"end":{"line":1,"column":77}},"1":{"start":{"line":2,"column":26},"end":{"line":2,"column":78}},"2":{"start":{"line":3,"column":22},"end":{"line":3,"column":59}},"3":{"start":{"line":5,"column":18},"end":{"line":11,"column":1}},"4":{"start":{"line":6,"column":4},"end":{"line":6,"column":45}},"5":{"start":{"line":7,"column":23},"end":{"line":7,"column":99}},"6":{"start":{"line":8,"column":4},"end":{"line":8,"column":62}},"7":{"start":{"line":9,"column":4},"end":{"line":9,"column":46}},"8":{"start":{"line":10,"column":4},"end":{"line":10,"column":53}},"9":{"start":{"line":13,"column":0},"end":{"line":13,"column":53}}},"fnMap":{"0":{"name":"(anonymous_0)","decl":{"start":{"line":5,"column":18},"end":{"line":5,"column":19}},"loc":{"start":{"line":5,"column":24},"end":{"line":11,"column":1}},"line":5}},"branchMap":{"0":{"loc":{"start":{"line":7,"column":23},"end":{"line":7,"column":99}},"type":"cond-expr","locations":[{"start":{"line":7,"column":83},"end":{"line":7,"column":90}},{"start":{"line":7,"column":93},"end":{"line":7,"column":99}}],"line":7}},"s":{"0":0,"1":0,"2":0,"3":0,"4":0,"5":0,"6":0,"7":0,"8":0,"9":0},"f":{"0":0},"b":{"0":[0,0]}}
,"C:\\Users\\rudyf\\OneDrive\\Desktop\\FirstAppPHP\\public\\assets\\js\\Scripts\\price.js": {"path":"C:\\Users\\rudyf\\OneDrive\\Desktop\\FirstAppPHP\\public\\assets\\js\\Scripts\\price.js","statementMap":{"0":{"start":{"line":1,"column":0},"end":{"line":20,"column":3}},"1":{"start":{"line":2,"column":24},"end":{"line":2,"column":66}},"2":{"start":{"line":3,"column":19},"end":{"line":3,"column":63}},"3":{"start":{"line":4,"column":24},"end":{"line":4,"column":71}},"4":{"start":{"line":6,"column":4},"end":{"line":19,"column":7}},"5":{"start":{"line":7,"column":31},"end":{"line":7,"column":63}},"6":{"start":{"line":8,"column":30},"end":{"line":8,"column":63}},"7":{"start":{"line":9,"column":22},"end":{"line":9,"column":35}},"8":{"start":{"line":11,"column":30},"end":{"line":11,"column":70}},"9":{"start":{"line":13,"column":8},"end":{"line":18,"column":9}},"10":{"start":{"line":14,"column":12},"end":{"line":14,"column":61}},"11":{"start":{"line":15,"column":12},"end":{"line":15,"column":48}},"12":{"start":{"line":17,"column":12},"end":{"line":17,"column":79}}},"fnMap":{"0":{"name":"(anonymous_0)","decl":{"start":{"line":1,"column":46},"end":{"line":1,"column":47}},"loc":{"start":{"line":1,"column":58},"end":{"line":20,"column":1}},"line":1},"1":{"name":"(anonymous_1)","decl":{"start":{"line":6,"column":24},"end":{"line":6,"column":25}},"loc":{"start":{"line":6,"column":53},"end":{"line":19,"column":5}},"line":6}},"branchMap":{"0":{"loc":{"start":{"line":13,"column":8},"end":{"line":18,"column":9}},"type":"if","locations":[{"start":{"line":13,"column":8},"end":{"line":18,"column":9}},{"start":{"line":16,"column":15},"end":{"line":18,"column":9}}],"line":13}},"s":{"0":0,"1":0,"2":0,"3":0,"4":0,"5":0,"6":0,"7":0,"8":0,"9":0,"10":0,"11":0,"12":0},"f":{"0":0,"1":0},"b":{"0":[0,0]}}
}
